# JRE version: Java(TM) SE Runtime Environment (8.0_05-b13) (build 1.8.0_05-b13)
# Java VM: Java HotSpot(TM) 64-Bit Server VM (25.5-b02 mixed mode bsd-amd64 compressed oops)
Heap:
 PSYoungGen      total 12800K, used 274K [0x0000000795580000, 0x0000000796400000, 0x00000007c0000000)
  eden space 10752K, 2% used [0x0000000795580000,0x00000007955c4a18,0x0000000796000000)
  from space 2048K, 0% used [0x0000000796000000,0x0000000796000000,0x0000000796200000)
  to   space 2048K, 0% used [0x0000000796200000,0x0000000796200000,0x0000000796400000)
 ParOldGen       total 129536K, used 3367K [0x0000000740000000, 0x0000000747e80000, 0x0000000795580000)
  object space 129536K, 2% used [0x0000000740000000,0x0000000740349d20,0x0000000747e80000)
 Metaspace       used 11279K, capacity 11457K, committed 11520K, reserved 1058816K
  class space    used 1181K, capacity 1237K, committed 1280K, reserved 1048576K
GC Heap History (10 events):
Event: 0.641 GC heap before
{Heap before GC invocations=8 (full 0):
 PSYoungGen      total 5120K, used 4827K [0x0000000795580000, 0x0000000795f80000, 0x00000007c0000000)
  eden space 3584K, 100% used [0x0000000795580000,0x0000000795900000,0x0000000795900000)
  from space 1536K, 80% used [0x0000000795900000,0x0000000795a36c60,0x0000000795a80000)
  to   space 1536K, 0% used [0x0000000795e00000,0x0000000795e00000,0x0000000795f80000)
 ParOldGen       total 129536K, used 1139K [0x0000000740000000, 0x0000000747e80000, 0x0000000795580000)
  object space 129536K, 0% used [0x0000000740000000,0x000000074011cdb8,0x0000000747e80000)
 Metaspace       used 8793K, capacity 8911K, committed 9216K, reserved 1056768K
  class space    used 907K, capacity 946K, committed 1024K, reserved 1048576K
Event: 0.643 GC heap after
Heap after GC invocations=8 (full 0):
 PSYoungGen      total 8192K, used 1523K [0x0000000795580000, 0x0000000796080000, 0x00000007c0000000)
  eden space 6656K, 0% used [0x0000000795580000,0x0000000795580000,0x0000000795c00000)
  from space 1536K, 99% used [0x0000000795e00000,0x0000000795f7cec8,0x0000000795f80000)
  to   space 2048K, 0% used [0x0000000795c00000,0x0000000795c00000,0x0000000795e00000)
 ParOldGen       total 129536K, used 1459K [0x0000000740000000, 0x0000000747e80000, 0x0000000795580000)
  object space 129536K, 1% used [0x0000000740000000,0x000000074016ce28,0x0000000747e80000)
 Metaspace       used 8793K, capacity 8911K, committed 9216K, reserved 1056768K
  class space    used 907K, capacity 946K, committed 1024K, reserved 1048576K
}
Event: 0.772 GC heap before
{Heap before GC invocations=9 (full 0):
 PSYoungGen      total 8192K, used 7863K [0x0000000795580000, 0x0000000796080000, 0x00000007c0000000)
  eden space 6656K, 95% used [0x0000000795580000,0x0000000795bb1018,0x0000000795c00000)
  from space 1536K, 99% used [0x0000000795e00000,0x0000000795f7cec8,0x0000000795f80000)
  to   space 2048K, 0% used [0x0000000795c00000,0x0000000795c00000,0x0000000795e00000)
 ParOldGen       total 129536K, used 1459K [0x0000000740000000, 0x0000000747e80000, 0x0000000795580000)
  object space 129536K, 1% used [0x0000000740000000,0x000000074016ce28,0x0000000747e80000)
 Metaspace       used 9601K, capacity 9711K, committed 9856K, reserved 1058816K
  class space    used 991K, capacity 1042K, committed 1152K, reserved 1048576K
Event: 0.774 GC heap after
Heap after GC invocations=9 (full 0):
 PSYoungGen      total 8704K, used 1582K [0x0000000795580000, 0x0000000796400000, 0x00000007c0000000)
  eden space 6656K, 0% used [0x0000000795580000,0x0000000795580000,0x0000000795c00000)
  from space 2048K, 77% used [0x0000000795c00000,0x0000000795d8b970,0x0000000795e00000)
  to   space 2048K, 0% used [0x0000000796200000,0x0000000796200000,0x0000000796400000)
 ParOldGen       total 129536K, used 1839K [0x0000000740000000, 0x0000000747e80000, 0x0000000795580000)
  object space 129536K, 1% used [0x0000000740000000,0x00000007401cbe58,0x0000000747e80000)
 Metaspace       used 9601K, capacity 9711K, committed 9856K, reserved 1058816K
  class space    used 991K, capacity 1042K, committed 1152K, reserved 1048576K
}
Event: 1.156 GC heap before
{Heap before GC invocations=10 (full 0):
 PSYoungGen      total 8704K, used 8225K [0x0000000795580000, 0x0000000796400000, 0x00000007c0000000)
  eden space 6656K, 99% used [0x0000000795580000,0x0000000795bfce60,0x0000000795c00000)
  from space 2048K, 77% used [0x0000000795c00000,0x0000000795d8b970,0x0000000795e00000)
  to   space 2048K, 0% used [0x0000000796200000,0x0000000796200000,0x0000000796400000)
 ParOldGen       total 129536K, used 1839K [0x0000000740000000, 0x0000000747e80000, 0x0000000795580000)
  object space 129536K, 1% used [0x0000000740000000,0x00000007401cbe58,0x0000000747e80000)
 Metaspace       used 10763K, capacity 10913K, committed 11008K, reserved 1058816K
  class space    used 1136K, capacity 1205K, committed 1280K, reserved 1048576K
Event: 1.158 GC heap after
Heap after GC invocations=10 (full 0):
 PSYoungGen      total 12800K, used 1339K [0x0000000795580000, 0x0000000796400000, 0x00000007c0000000)
  eden space 10752K, 0% used [0x0000000795580000,0x0000000795580000,0x0000000796000000)
  from space 2048K, 65% used [0x0000000796200000,0x000000079634ee40,0x0000000796400000)
  to   space 2048K, 0% used [0x0000000796000000,0x0000000796000000,0x0000000796200000)
 ParOldGen       total 129536K, used 2572K [0x0000000740000000, 0x0000000747e80000, 0x0000000795580000)
  object space 129536K, 1% used [0x0000000740000000,0x0000000740283230,0x0000000747e80000)
 Metaspace       used 10763K, capacity 10913K, committed 11008K, reserved 1058816K
  class space    used 1136K, capacity 1205K, committed 1280K, reserved 1048576K
}
Event: 4.571 GC heap before
{Heap before GC invocations=11 (full 0):
 PSYoungGen      total 12800K, used 6774K [0x0000000795580000, 0x0000000796400000, 0x00000007c0000000)
  eden space 10752K, 50% used [0x0000000795580000,0x0000000795aced38,0x0000000796000000)
  from space 2048K, 65% used [0x0000000796200000,0x000000079634ee40,0x0000000796400000)
  to   space 2048K, 0% used [0x0000000796000000,0x0000000796000000,0x0000000796200000)
 ParOldGen       total 129536K, used 2572K [0x0000000740000000, 0x0000000747e80000, 0x0000000795580000)
  object space 129536K, 1% used [0x0000000740000000,0x0000000740283230,0x0000000747e80000)
 Metaspace       used 11273K, capacity 11457K, committed 11520K, reserved 1058816K
  class space    used 1180K, capacity 1237K, committed 1280K, reserved 1048576K
Event: 4.573 GC heap after
Heap after GC invocations=11 (full 0):
 PSYoungGen      total 12800K, used 866K [0x0000000795580000, 0x0000000796400000, 0x00000007c0000000)
  eden space 10752K, 0% used [0x0000000795580000,0x0000000795580000,0x0000000796000000)
  from space 2048K, 42% used [0x0000000796000000,0x00000007960d8898,0x0000000796200000)
  to   space 2048K, 0% used [0x0000000796200000,0x0000000796200000,0x0000000796400000)
 ParOldGen       total 129536K, used 3538K [0x0000000740000000, 0x0000000747e80000, 0x0000000795580000)
  object space 129536K, 2% used [0x0000000740000000,0x0000000740374b20,0x0000000747e80000)
 Metaspace       used 11273K, capacity 11457K, committed 11520K, reserved 1058816K
  class space    used 1180K, capacity 1237K, committed 1280K, reserved 1048576K
}
Event: 4.573 GC heap before
{Heap before GC invocations=12 (full 1):
 PSYoungGen      total 12800K, used 866K [0x0000000795580000, 0x0000000796400000, 0x00000007c0000000)
  eden space 10752K, 0% used [0x0000000795580000,0x0000000795580000,0x0000000796000000)
  from space 2048K, 42% used [0x0000000796000000,0x00000007960d8898,0x0000000796200000)
  to   space 2048K, 0% used [0x0000000796200000,0x0000000796200000,0x0000000796400000)
 ParOldGen       total 129536K, used 3538K [0x0000000740000000, 0x0000000747e80000, 0x0000000795580000)
  object space 129536K, 2% used [0x0000000740000000,0x0000000740374b20,0x0000000747e80000)
 Metaspace       used 11273K, capacity 11457K, committed 11520K, reserved 1058816K
  class space    used 1180K, capacity 1237K, committed 1280K, reserved 1048576K
Event: 4.595 GC heap after
Heap after GC invocations=12 (full 1):
 PSYoungGen      total 12800K, used 0K [0x0000000795580000, 0x0000000796400000, 0x00000007c0000000)
  eden space 10752K, 0% used [0x0000000795580000,0x0000000795580000,0x0000000796000000)
  from space 2048K, 0% used [0x0000000796000000,0x0000000796000000,0x0000000796200000)
  to   space 2048K, 0% used [0x0000000796200000,0x0000000796200000,0x0000000796400000)
 ParOldGen       total 129536K, used 3367K [0x0000000740000000, 0x0000000747e80000, 0x0000000795580000)
  object space 129536K, 2% used [0x0000000740000000,0x0000000740349d20,0x0000000747e80000)
 Metaspace       used 11273K, capacity 11457K, committed 11520K, reserved 1058816K
  class space    used 1180K, capacity 1237K, committed 1280K, reserved 1048576K
}

